{"/home/edilson/challenge/Reto1/src/index.js": {"path":"/home/edilson/challenge/Reto1/src/index.js","statementMap":{"0":{"start":{"line":2,"column":16},"end":{"line":2,"column":34}},"1":{"start":{"line":3,"column":12},"end":{"line":3,"column":21}},"2":{"start":{"line":4,"column":14},"end":{"line":4,"column":42}},"3":{"start":{"line":5,"column":13},"end":{"line":5,"column":37}},"4":{"start":{"line":6,"column":15},"end":{"line":6,"column":41}},"5":{"start":{"line":7,"column":16},"end":{"line":7,"column":44}},"6":{"start":{"line":8,"column":0},"end":{"line":8,"column":23}},"7":{"start":{"line":9,"column":0},"end":{"line":9,"column":23}},"8":{"start":{"line":10,"column":0},"end":{"line":10,"column":33}},"9":{"start":{"line":12,"column":0},"end":{"line":18,"column":27}},"10":{"start":{"line":13,"column":2},"end":{"line":17,"column":4}},"11":{"start":{"line":14,"column":4},"end":{"line":14,"column":30}},"12":{"start":{"line":14,"column":13},"end":{"line":14,"column":30}},"13":{"start":{"line":15,"column":4},"end":{"line":15,"column":52}},"14":{"start":{"line":16,"column":4},"end":{"line":16,"column":27}},"15":{"start":{"line":18,"column":7},"end":{"line":18,"column":27}}},"fnMap":{"0":{"name":"(anonymous_0)","decl":{"start":{"line":13,"column":19},"end":{"line":13,"column":20}},"loc":{"start":{"line":13,"column":28},"end":{"line":17,"column":3}},"line":13}},"branchMap":{"0":{"loc":{"start":{"line":5,"column":13},"end":{"line":5,"column":37}},"type":"binary-expr","locations":[{"start":{"line":5,"column":13},"end":{"line":5,"column":29}},{"start":{"line":5,"column":33},"end":{"line":5,"column":37}}],"line":5},"1":{"loc":{"start":{"line":12,"column":0},"end":{"line":18,"column":27}},"type":"if","locations":[{"start":{"line":12,"column":0},"end":{"line":18,"column":27}},{"start":{"line":12,"column":0},"end":{"line":18,"column":27}}],"line":12},"2":{"loc":{"start":{"line":14,"column":4},"end":{"line":14,"column":30}},"type":"if","locations":[{"start":{"line":14,"column":4},"end":{"line":14,"column":30}},{"start":{"line":14,"column":4},"end":{"line":14,"column":30}}],"line":14}},"s":{"0":1,"1":1,"2":1,"3":1,"4":1,"5":1,"6":1,"7":1,"8":1,"9":1,"10":0,"11":0,"12":0,"13":0,"14":0,"15":1},"f":{"0":0},"b":{"0":[1,1],"1":[0,1],"2":[0,0]},"_coverageSchema":"1a1c01bbd47fc00a2c39e90264f33305004495a9","hash":"4389e8d8c8412daf387ab80a293d2284c6a39ef4"}
,"/home/edilson/challenge/Reto1/src/config/config.js": {"path":"/home/edilson/challenge/Reto1/src/config/config.js","statementMap":{"0":{"start":{"line":1,"column":0},"end":{"line":3,"column":1}}},"fnMap":{},"branchMap":{},"s":{"0":1},"f":{},"b":{},"_coverageSchema":"1a1c01bbd47fc00a2c39e90264f33305004495a9","hash":"546d7c24639ec1091b64874263e16153161ee6fc"}
,"/home/edilson/challenge/Reto1/src/controller/controller.js": {"path":"/home/edilson/challenge/Reto1/src/controller/controller.js","statementMap":{"0":{"start":{"line":3,"column":14},"end":{"line":3,"column":30}},"1":{"start":{"line":4,"column":15},"end":{"line":4,"column":42}},"2":{"start":{"line":5,"column":14},"end":{"line":5,"column":47}},"3":{"start":{"line":6,"column":19},"end":{"line":6,"column":42}},"4":{"start":{"line":8,"column":2},"end":{"line":19,"column":3}},"5":{"start":{"line":9,"column":20},"end":{"line":9,"column":26}},"6":{"start":{"line":10,"column":19},"end":{"line":10,"column":39}},"7":{"start":{"line":11,"column":17},"end":{"line":11,"column":40}},"8":{"start":{"line":12,"column":4},"end":{"line":14,"column":6}},"9":{"start":{"line":16,"column":4},"end":{"line":16,"column":12}},"10":{"start":{"line":17,"column":4},"end":{"line":17,"column":18}},"11":{"start":{"line":18,"column":4},"end":{"line":18,"column":11}},"12":{"start":{"line":22,"column":0},"end":{"line":24,"column":1}}},"fnMap":{"0":{"name":"covid","decl":{"start":{"line":7,"column":15},"end":{"line":7,"column":20}},"loc":{"start":{"line":7,"column":38},"end":{"line":20,"column":1}},"line":7}},"branchMap":{},"s":{"0":1,"1":1,"2":1,"3":1,"4":1,"5":1,"6":1,"7":1,"8":1,"9":0,"10":0,"11":0,"12":1},"f":{"0":1},"b":{},"_coverageSchema":"1a1c01bbd47fc00a2c39e90264f33305004495a9","hash":"96c61cd3ed2eb6b58e6c73c57202659fb2c77d03"}
,"/home/edilson/challenge/Reto1/src/handler/handler.js": {"path":"/home/edilson/challenge/Reto1/src/handler/handler.js","statementMap":{"0":{"start":{"line":2,"column":14},"end":{"line":2,"column":44}},"1":{"start":{"line":4,"column":2},"end":{"line":4,"column":12}},"2":{"start":{"line":5,"column":2},"end":{"line":5,"column":28}},"3":{"start":{"line":8,"column":0},"end":{"line":10,"column":1}}},"fnMap":{"0":{"name":"serverError","decl":{"start":{"line":3,"column":9},"end":{"line":3,"column":20}},"loc":{"start":{"line":3,"column":43},"end":{"line":6,"column":1}},"line":3}},"branchMap":{},"s":{"0":1,"1":0,"2":0,"3":1},"f":{"0":0},"b":{},"_coverageSchema":"1a1c01bbd47fc00a2c39e90264f33305004495a9","hash":"adba08228311c9c5c73288746853e5228e38bd70"}
,"/home/edilson/challenge/Reto1/src/router/router.js": {"path":"/home/edilson/challenge/Reto1/src/router/router.js","statementMap":{"0":{"start":{"line":3,"column":15},"end":{"line":3,"column":42}},"1":{"start":{"line":4,"column":19},"end":{"line":4,"column":54}},"2":{"start":{"line":6,"column":0},"end":{"line":6,"column":33}},"3":{"start":{"line":8,"column":0},"end":{"line":8,"column":23}}},"fnMap":{},"branchMap":{},"s":{"0":1,"1":1,"2":1,"3":1},"f":{},"b":{},"_coverageSchema":"1a1c01bbd47fc00a2c39e90264f33305004495a9","hash":"81223c3b3282f95f119088bde0184d3e66bf5dcb"}
,"/home/edilson/challenge/Reto1/src/test/mocks/index.js": {"path":"/home/edilson/challenge/Reto1/src/test/mocks/index.js","statementMap":{"0":{"start":{"line":1,"column":14},"end":{"line":26,"column":1}},"1":{"start":{"line":27,"column":14},"end":{"line":48,"column":1}},"2":{"start":{"line":50,"column":21},"end":{"line":85,"column":1}},"3":{"start":{"line":90,"column":0},"end":{"line":94,"column":1}}},"fnMap":{},"branchMap":{},"s":{"0":1,"1":1,"2":1,"3":1},"f":{},"b":{},"_coverageSchema":"1a1c01bbd47fc00a2c39e90264f33305004495a9","hash":"24b1bf333d887ded52f3571d5900b6246f1c2327"}
,"/home/edilson/challenge/Reto1/src/utilities/index.js": {"path":"/home/edilson/challenge/Reto1/src/utilities/index.js","statementMap":{"0":{"start":{"line":4,"column":15},"end":{"line":12,"column":8}},"1":{"start":{"line":5,"column":4},"end":{"line":5,"column":48}},"2":{"start":{"line":5,"column":27},"end":{"line":5,"column":48}},"3":{"start":{"line":6,"column":4},"end":{"line":6,"column":50}},"4":{"start":{"line":6,"column":28},"end":{"line":6,"column":50}},"5":{"start":{"line":7,"column":4},"end":{"line":7,"column":44}},"6":{"start":{"line":7,"column":25},"end":{"line":7,"column":44}},"7":{"start":{"line":8,"column":4},"end":{"line":8,"column":78}},"8":{"start":{"line":8,"column":48},"end":{"line":8,"column":78}},"9":{"start":{"line":9,"column":4},"end":{"line":9,"column":80}},"10":{"start":{"line":9,"column":49},"end":{"line":9,"column":80}},"11":{"start":{"line":10,"column":4},"end":{"line":10,"column":56}},"12":{"start":{"line":10,"column":28},"end":{"line":10,"column":56}},"13":{"start":{"line":11,"column":4},"end":{"line":11,"column":19}},"14":{"start":{"line":13,"column":2},"end":{"line":13,"column":13}},"15":{"start":{"line":16,"column":0},"end":{"line":16,"column":27}}},"fnMap":{"0":{"name":"filterInfo","decl":{"start":{"line":3,"column":9},"end":{"line":3,"column":19}},"loc":{"start":{"line":3,"column":27},"end":{"line":14,"column":1}},"line":3},"1":{"name":"(anonymous_1)","decl":{"start":{"line":4,"column":27},"end":{"line":4,"column":28}},"loc":{"start":{"line":4,"column":50},"end":{"line":12,"column":3}},"line":4}},"branchMap":{"0":{"loc":{"start":{"line":5,"column":4},"end":{"line":5,"column":48}},"type":"if","locations":[{"start":{"line":5,"column":4},"end":{"line":5,"column":48}},{"start":{"line":5,"column":4},"end":{"line":5,"column":48}}],"line":5},"1":{"loc":{"start":{"line":6,"column":4},"end":{"line":6,"column":50}},"type":"if","locations":[{"start":{"line":6,"column":4},"end":{"line":6,"column":50}},{"start":{"line":6,"column":4},"end":{"line":6,"column":50}}],"line":6},"2":{"loc":{"start":{"line":7,"column":4},"end":{"line":7,"column":44}},"type":"if","locations":[{"start":{"line":7,"column":4},"end":{"line":7,"column":44}},{"start":{"line":7,"column":4},"end":{"line":7,"column":44}}],"line":7},"3":{"loc":{"start":{"line":8,"column":4},"end":{"line":8,"column":78}},"type":"if","locations":[{"start":{"line":8,"column":4},"end":{"line":8,"column":78}},{"start":{"line":8,"column":4},"end":{"line":8,"column":78}}],"line":8},"4":{"loc":{"start":{"line":8,"column":8},"end":{"line":8,"column":46}},"type":"binary-expr","locations":[{"start":{"line":8,"column":8},"end":{"line":8,"column":25}},{"start":{"line":8,"column":29},"end":{"line":8,"column":46}}],"line":8},"5":{"loc":{"start":{"line":9,"column":4},"end":{"line":9,"column":80}},"type":"if","locations":[{"start":{"line":9,"column":4},"end":{"line":9,"column":80}},{"start":{"line":9,"column":4},"end":{"line":9,"column":80}}],"line":9},"6":{"loc":{"start":{"line":9,"column":8},"end":{"line":9,"column":47}},"type":"binary-expr","locations":[{"start":{"line":9,"column":8},"end":{"line":9,"column":26}},{"start":{"line":9,"column":30},"end":{"line":9,"column":47}}],"line":9},"7":{"loc":{"start":{"line":10,"column":4},"end":{"line":10,"column":56}},"type":"if","locations":[{"start":{"line":10,"column":4},"end":{"line":10,"column":56}},{"start":{"line":10,"column":4},"end":{"line":10,"column":56}}],"line":10}},"s":{"0":1,"1":6,"2":1,"3":6,"4":1,"5":6,"6":1,"7":6,"8":1,"9":6,"10":3,"11":6,"12":2,"13":6,"14":1,"15":1},"f":{"0":1,"1":6},"b":{"0":[1,5],"1":[1,5],"2":[1,5],"3":[1,5],"4":[6,6],"5":[3,3],"6":[6,5],"7":[2,4]},"_coverageSchema":"1a1c01bbd47fc00a2c39e90264f33305004495a9","hash":"9770cb9327e7b8e3a297d51c78be9498c6828d1b"}
}
