TN:
SF:src/index.js
FN:13,(anonymous_0)
FNF:1
FNH:0
FNDA:0,(anonymous_0)
DA:2,1
DA:3,1
DA:4,1
DA:5,1
DA:6,1
DA:7,1
DA:8,1
DA:9,1
DA:10,1
DA:12,1
DA:13,0
DA:14,0
DA:15,0
DA:16,0
DA:18,1
LF:15
LH:11
BRDA:5,0,0,1
BRDA:5,0,1,1
BRDA:12,1,0,0
BRDA:12,1,1,1
BRDA:14,2,0,0
BRDA:14,2,1,0
BRF:6
BRH:3
end_of_record
TN:
SF:src/config/config.js
FNF:0
FNH:0
DA:1,1
LF:1
LH:1
BRF:0
BRH:0
end_of_record
TN:
SF:src/controller/controller.js
FN:7,covid
FNF:1
FNH:1
FNDA:1,covid
DA:3,1
DA:4,1
DA:5,1
DA:6,1
DA:8,1
DA:9,1
DA:10,1
DA:11,1
DA:12,1
DA:16,0
DA:17,0
DA:18,0
DA:22,1
LF:13
LH:10
BRF:0
BRH:0
end_of_record
TN:
SF:src/handler/handler.js
FN:3,serverError
FNF:1
FNH:0
FNDA:0,serverError
DA:2,1
DA:4,0
DA:5,0
DA:8,1
LF:4
LH:2
BRF:0
BRH:0
end_of_record
TN:
SF:src/router/router.js
FNF:0
FNH:0
DA:3,1
DA:4,1
DA:6,1
DA:8,1
LF:4
LH:4
BRF:0
BRH:0
end_of_record
TN:
SF:src/test/mocks/index.js
FNF:0
FNH:0
DA:1,1
DA:27,1
DA:50,1
DA:90,1
LF:4
LH:4
BRF:0
BRH:0
end_of_record
TN:
SF:src/utilities/index.js
FN:3,filterInfo
FN:4,(anonymous_1)
FNF:2
FNH:2
FNDA:1,filterInfo
FNDA:6,(anonymous_1)
DA:4,1
DA:5,6
DA:6,6
DA:7,6
DA:8,6
DA:9,6
DA:10,6
DA:11,6
DA:13,1
DA:16,1
LF:10
LH:10
BRDA:5,0,0,1
BRDA:5,0,1,5
BRDA:6,1,0,1
BRDA:6,1,1,5
BRDA:7,2,0,1
BRDA:7,2,1,5
BRDA:8,3,0,1
BRDA:8,3,1,5
BRDA:8,4,0,6
BRDA:8,4,1,6
BRDA:9,5,0,3
BRDA:9,5,1,3
BRDA:9,6,0,6
BRDA:9,6,1,5
BRDA:10,7,0,2
BRDA:10,7,1,4
BRF:16
BRH:16
end_of_record
