TN:
SF:src/index.js
FN:13,(anonymous_0)
FNF:1
FNH:0
FNDA:0,(anonymous_0)
DA:2,1
DA:3,1
DA:4,1
DA:5,1
DA:6,1
DA:7,1
DA:8,1
DA:9,1
DA:10,1
DA:12,1
DA:13,0
DA:14,0
DA:15,0
DA:16,0
DA:18,1
LF:15
LH:11
BRDA:5,0,0,1
BRDA:5,0,1,1
BRDA:12,1,0,0
BRDA:12,1,1,1
BRDA:14,2,0,0
BRDA:14,2,1,0
BRF:6
BRH:3
end_of_record
TN:
SF:src/config/config.js
FNF:0
FNH:0
DA:1,1
LF:1
LH:1
BRF:0
BRH:0
end_of_record
TN:
SF:src/controller/controller.js
FN:7,covid
FNF:1
FNH:1
FNDA:1,covid
DA:3,1
DA:4,1
DA:5,1
DA:6,1
DA:8,1
DA:9,1
DA:10,1
DA:11,1
DA:12,1
DA:16,0
DA:17,0
DA:18,0
DA:22,1
LF:13
LH:10
BRF:0
BRH:0
end_of_record
TN:
SF:src/handler/handler.js
FN:3,serverError
FNF:1
FNH:0
FNDA:0,serverError
DA:2,1
DA:4,0
DA:5,0
DA:8,1
LF:4
LH:2
BRF:0
BRH:0
end_of_record
TN:
SF:src/router/router.js
FNF:0
FNH:0
DA:3,1
DA:4,1
DA:6,1
DA:8,1
LF:4
LH:4
BRF:0
BRH:0
end_of_record
TN:
SF:src/test/mocks/index.js
FNF:0
FNH:0
DA:1,1
DA:50,1
DA:74,1
DA:140,1
LF:4
LH:4
BRF:0
BRH:0
end_of_record
TN:
SF:src/utilities/index.js
FN:3,filterInfo
FN:4,(anonymous_1)
FNF:2
FNH:2
FNDA:1,filterInfo
FNDA:10,(anonymous_1)
DA:4,1
DA:5,10
DA:6,10
DA:7,10
DA:8,10
DA:9,10
DA:10,10
DA:11,10
DA:12,10
DA:13,10
DA:14,10
DA:15,10
DA:16,10
DA:17,10
DA:19,1
DA:22,1
LF:16
LH:16
BRDA:5,0,0,1
BRDA:5,0,1,9
BRDA:6,1,0,1
BRDA:6,1,1,9
BRDA:7,2,0,1
BRDA:7,2,1,9
BRDA:8,3,0,1
BRDA:8,3,1,9
BRDA:9,4,0,1
BRDA:9,4,1,9
BRDA:10,5,0,1
BRDA:10,5,1,9
BRDA:11,6,0,1
BRDA:11,6,1,9
BRDA:11,7,0,10
BRDA:11,7,1,10
BRDA:11,7,2,2
BRDA:12,8,0,1
BRDA:12,8,1,9
BRDA:12,9,0,10
BRDA:12,9,1,10
BRDA:12,9,2,2
BRDA:13,10,0,3
BRDA:13,10,1,7
BRDA:13,11,0,10
BRDA:13,11,1,8
BRDA:13,11,2,5
BRDA:14,12,0,2
BRDA:14,12,1,8
BRDA:14,13,0,10
BRDA:14,13,1,8
BRDA:14,13,2,5
BRDA:15,14,0,2
BRDA:15,14,1,8
BRDA:15,15,0,10
BRDA:15,15,1,3
BRDA:16,16,0,1
BRDA:16,16,1,9
BRDA:16,17,0,10
BRDA:16,17,1,3
BRF:40
BRH:40
end_of_record
